INFO:     Started server process [15112]
INFO:     Waiting for application startup.
INFO:     Application startup complete.
INFO:     Uvicorn running on http://127.0.0.1:8000 (Press CTRL+C to quit)
ERROR:    Exception in ASGI application
Traceback (most recent call last):
  File "C:\Users\1\AppData\Local\Programs\Python\Python311\Lib\site-packages\uvicorn\protocols\http\h11_impl.py", line 415, in run_asgi
    result = await app(  # type: ignore[func-returns-value]
             ^^^^^^^^^^^^^^^^^^^^^^^^^^^^^^^^^^^^^^^^^^^^^^
  File "C:\Users\1\AppData\Local\Programs\Python\Python311\Lib\site-packages\uvicorn\middleware\proxy_headers.py", line 56, in __call__
    return await self.app(scope, receive, send)
           ^^^^^^^^^^^^^^^^^^^^^^^^^^^^^^^^^^^^
  File "C:\Users\1\AppData\Local\Programs\Python\Python311\Lib\site-packages\fastapi\applications.py", line 1159, in __call__
    await super().__call__(scope, receive, send)
  File "C:\Users\1\AppData\Local\Programs\Python\Python311\Lib\site-packages\starlette\applications.py", line 90, in __call__
    await self.middleware_stack(scope, receive, send)
  File "C:\Users\1\AppData\Local\Programs\Python\Python311\Lib\site-packages\starlette\middleware\errors.py", line 186, in __call__
    raise exc
  File "C:\Users\1\AppData\Local\Programs\Python\Python311\Lib\site-packages\starlette\middleware\errors.py", line 164, in __call__
    await self.app(scope, receive, _send)
  File "C:\Users\1\AppData\Local\Programs\Python\Python311\Lib\site-packages\starlette\middleware\cors.py", line 96, in __call__
    await self.simple_response(scope, receive, send, request_headers=headers)
  File "C:\Users\1\AppData\Local\Programs\Python\Python311\Lib\site-packages\starlette\middleware\cors.py", line 154, in simple_response
    await self.app(scope, receive, send)
  File "C:\Users\1\AppData\Local\Programs\Python\Python311\Lib\site-packages\starlette\middleware\exceptions.py", line 63, in __call__
    await wrap_app_handling_exceptions(self.app, conn)(scope, receive, send)
  File "C:\Users\1\AppData\Local\Programs\Python\Python311\Lib\site-packages\starlette\_exception_handler.py", line 53, in wrapped_app
    raise exc
  File "C:\Users\1\AppData\Local\Programs\Python\Python311\Lib\site-packages\starlette\_exception_handler.py", line 42, in wrapped_app
    await app(scope, receive, sender)
  File "C:\Users\1\AppData\Local\Programs\Python\Python311\Lib\site-packages\fastapi\middleware\asyncexitstack.py", line 18, in __call__
    await self.app(scope, receive, send)
  File "C:\Users\1\AppData\Local\Programs\Python\Python311\Lib\site-packages\starlette\routing.py", line 660, in __call__
    await self.middleware_stack(scope, receive, send)
  File "C:\Users\1\AppData\Local\Programs\Python\Python311\Lib\site-packages\starlette\routing.py", line 680, in app
    await route.handle(scope, receive, send)
  File "C:\Users\1\AppData\Local\Programs\Python\Python311\Lib\site-packages\starlette\routing.py", line 276, in handle
    await self.app(scope, receive, send)
  File "C:\Users\1\AppData\Local\Programs\Python\Python311\Lib\site-packages\fastapi\routing.py", line 134, in app
    await wrap_app_handling_exceptions(app, request)(scope, receive, send)
  File "C:\Users\1\AppData\Local\Programs\Python\Python311\Lib\site-packages\starlette\_exception_handler.py", line 53, in wrapped_app
    raise exc
  File "C:\Users\1\AppData\Local\Programs\Python\Python311\Lib\site-packages\starlette\_exception_handler.py", line 42, in wrapped_app
    await app(scope, receive, sender)
  File "C:\Users\1\AppData\Local\Programs\Python\Python311\Lib\site-packages\fastapi\routing.py", line 120, in app
    response = await f(request)
               ^^^^^^^^^^^^^^^^
  File "C:\Users\1\AppData\Local\Programs\Python\Python311\Lib\site-packages\fastapi\routing.py", line 674, in app
    raw_response = await run_endpoint_function(
                   ^^^^^^^^^^^^^^^^^^^^^^^^^^^^
  File "C:\Users\1\AppData\Local\Programs\Python\Python311\Lib\site-packages\fastapi\routing.py", line 330, in run_endpoint_function
    return await run_in_threadpool(dependant.call, **values)
           ^^^^^^^^^^^^^^^^^^^^^^^^^^^^^^^^^^^^^^^^^^^^^^^^^
  File "C:\Users\1\AppData\Local\Programs\Python\Python311\Lib\site-packages\starlette\concurrency.py", line 32, in run_in_threadpool
    return await anyio.to_thread.run_sync(func)
           ^^^^^^^^^^^^^^^^^^^^^^^^^^^^^^^^^^^^
  File "C:\Users\1\AppData\Local\Programs\Python\Python311\Lib\site-packages\anyio\to_thread.py", line 63, in run_sync
    return await get_async_backend().run_sync_in_worker_thread(
           ^^^^^^^^^^^^^^^^^^^^^^^^^^^^^^^^^^^^^^^^^^^^^^^^^^^^
  File "C:\Users\1\AppData\Local\Programs\Python\Python311\Lib\site-packages\anyio\_backends\_asyncio.py", line 2502, in run_sync_in_worker_thread
    return await future
           ^^^^^^^^^^^^
  File "C:\Users\1\AppData\Local\Programs\Python\Python311\Lib\site-packages\anyio\_backends\_asyncio.py", line 986, in run
    result = context.run(func, *args)
             ^^^^^^^^^^^^^^^^^^^^^^^^
  File "C:\Console\visual studio code\python\3 ъґЁё\3 ъґЁё 2 ёхьхёҐЁ\Progect_Beauty_Salon1\Beauty_Salon\backend\app\routers\booking_router.py", line 43, in create_booking
    booking = service.create(BookingCreate(**payload_data))
              ^^^^^^^^^^^^^^^^^^^^^^^^^^^^^^^^^^^^^^^^^^^^^
  File "C:\Console\visual studio code\python\3 ъґЁё\3 ъґЁё 2 ёхьхёҐЁ\Progect_Beauty_Salon1\Beauty_Salon\backend\app\services\booking_service.py", line 25, in create
    booking_id = self.bookings.create(payload)
                 ^^^^^^^^^^^^^^^^^^^^^^^^^^^^^
  File "C:\Console\visual studio code\python\3 ъґЁё\3 ъґЁё 2 ёхьхёҐЁ\Progect_Beauty_Salon1\Beauty_Salon\backend\app\repositories\booking_repository.py", line 39, in create
    self.collection.insert_one(doc)
  File "C:\Users\1\AppData\Local\Programs\Python\Python311\Lib\site-packages\pymongo\synchronous\collection.py", line 890, in insert_one
    self._insert_one(
  File "C:\Users\1\AppData\Local\Programs\Python\Python311\Lib\site-packages\pymongo\synchronous\collection.py", line 830, in _insert_one
    self._database.client._retryable_write(
  File "C:\Users\1\AppData\Local\Programs\Python\Python311\Lib\site-packages\pymongo\synchronous\mongo_client.py", line 2113, in _retryable_write
    return self._retry_with_session(retryable, func, s, bulk, operation, operation_id)
           ^^^^^^^^^^^^^^^^^^^^^^^^^^^^^^^^^^^^^^^^^^^^^^^^^^^^^^^^^^^^^^^^^^^^^^^^^^^
  File "C:\Users\1\AppData\Local\Programs\Python\Python311\Lib\site-packages\pymongo\synchronous\mongo_client.py", line 1986, in _retry_with_session
    return self._retry_internal(
           ^^^^^^^^^^^^^^^^^^^^^
  File "C:\Users\1\AppData\Local\Programs\Python\Python311\Lib\site-packages\pymongo\_csot.py", line 125, in csot_wrapper
    return func(self, *args, **kwargs)
           ^^^^^^^^^^^^^^^^^^^^^^^^^^^
  File "C:\Users\1\AppData\Local\Programs\Python\Python311\Lib\site-packages\pymongo\synchronous\mongo_client.py", line 2038, in _retry_internal
    ).run()
      ^^^^^
  File "C:\Users\1\AppData\Local\Programs\Python\Python311\Lib\site-packages\pymongo\synchronous\mongo_client.py", line 2811, in run
    res = self._read() if self._is_read else self._write()
                                             ^^^^^^^^^^^^^
  File "C:\Users\1\AppData\Local\Programs\Python\Python311\Lib\site-packages\pymongo\synchronous\mongo_client.py", line 3014, in _write
    return self._func(self._session, conn, self._retryable)  # type: ignore
           ^^^^^^^^^^^^^^^^^^^^^^^^^^^^^^^^^^^^^^^^^^^^^^^^
  File "C:\Users\1\AppData\Local\Programs\Python\Python311\Lib\site-packages\pymongo\synchronous\collection.py", line 828, in _insert_command
    _check_write_command_response(result)
  File "C:\Users\1\AppData\Local\Programs\Python\Python311\Lib\site-packages\pymongo\helpers_shared.py", line 322, in _check_write_command_response
    _raise_last_write_error(write_errors)
  File "C:\Users\1\AppData\Local\Programs\Python\Python311\Lib\site-packages\pymongo\helpers_shared.py", line 292, in _raise_last_write_error
    raise DuplicateKeyError(error.get("errmsg"), 11000, error)
pymongo.errors.DuplicateKeyError: E11000 duplicate key error collection: beauty_salon_db.bookings index: timeslot_id_1 dup key: { timeslot_id: "1" }, full error: {'index': 0, 'code': 11000, 'errmsg': 'E11000 duplicate key error collection: beauty_salon_db.bookings index: timeslot_id_1 dup key: { timeslot_id: "1" }', 'keyPattern': {'timeslot_id': 1}, 'keyValue': {'timeslot_id': '1'}}
ERROR:    Exception in ASGI application
Traceback (most recent call last):
  File "C:\Users\1\AppData\Local\Programs\Python\Python311\Lib\site-packages\uvicorn\protocols\http\h11_impl.py", line 415, in run_asgi
    result = await app(  # type: ignore[func-returns-value]
             ^^^^^^^^^^^^^^^^^^^^^^^^^^^^^^^^^^^^^^^^^^^^^^
  File "C:\Users\1\AppData\Local\Programs\Python\Python311\Lib\site-packages\uvicorn\middleware\proxy_headers.py", line 56, in __call__
    return await self.app(scope, receive, send)
           ^^^^^^^^^^^^^^^^^^^^^^^^^^^^^^^^^^^^
  File "C:\Users\1\AppData\Local\Programs\Python\Python311\Lib\site-packages\fastapi\applications.py", line 1159, in __call__
    await super().__call__(scope, receive, send)
  File "C:\Users\1\AppData\Local\Programs\Python\Python311\Lib\site-packages\starlette\applications.py", line 90, in __call__
    await self.middleware_stack(scope, receive, send)
  File "C:\Users\1\AppData\Local\Programs\Python\Python311\Lib\site-packages\starlette\middleware\errors.py", line 186, in __call__
    raise exc
  File "C:\Users\1\AppData\Local\Programs\Python\Python311\Lib\site-packages\starlette\middleware\errors.py", line 164, in __call__
    await self.app(scope, receive, _send)
  File "C:\Users\1\AppData\Local\Programs\Python\Python311\Lib\site-packages\starlette\middleware\cors.py", line 96, in __call__
    await self.simple_response(scope, receive, send, request_headers=headers)
  File "C:\Users\1\AppData\Local\Programs\Python\Python311\Lib\site-packages\starlette\middleware\cors.py", line 154, in simple_response
    await self.app(scope, receive, send)
  File "C:\Users\1\AppData\Local\Programs\Python\Python311\Lib\site-packages\starlette\middleware\exceptions.py", line 63, in __call__
    await wrap_app_handling_exceptions(self.app, conn)(scope, receive, send)
  File "C:\Users\1\AppData\Local\Programs\Python\Python311\Lib\site-packages\starlette\_exception_handler.py", line 53, in wrapped_app
    raise exc
  File "C:\Users\1\AppData\Local\Programs\Python\Python311\Lib\site-packages\starlette\_exception_handler.py", line 42, in wrapped_app
    await app(scope, receive, sender)
  File "C:\Users\1\AppData\Local\Programs\Python\Python311\Lib\site-packages\fastapi\middleware\asyncexitstack.py", line 18, in __call__
    await self.app(scope, receive, send)
  File "C:\Users\1\AppData\Local\Programs\Python\Python311\Lib\site-packages\starlette\routing.py", line 660, in __call__
    await self.middleware_stack(scope, receive, send)
  File "C:\Users\1\AppData\Local\Programs\Python\Python311\Lib\site-packages\starlette\routing.py", line 680, in app
    await route.handle(scope, receive, send)
  File "C:\Users\1\AppData\Local\Programs\Python\Python311\Lib\site-packages\starlette\routing.py", line 276, in handle
    await self.app(scope, receive, send)
  File "C:\Users\1\AppData\Local\Programs\Python\Python311\Lib\site-packages\fastapi\routing.py", line 134, in app
    await wrap_app_handling_exceptions(app, request)(scope, receive, send)
  File "C:\Users\1\AppData\Local\Programs\Python\Python311\Lib\site-packages\starlette\_exception_handler.py", line 53, in wrapped_app
    raise exc
  File "C:\Users\1\AppData\Local\Programs\Python\Python311\Lib\site-packages\starlette\_exception_handler.py", line 42, in wrapped_app
    await app(scope, receive, sender)
  File "C:\Users\1\AppData\Local\Programs\Python\Python311\Lib\site-packages\fastapi\routing.py", line 120, in app
    response = await f(request)
               ^^^^^^^^^^^^^^^^
  File "C:\Users\1\AppData\Local\Programs\Python\Python311\Lib\site-packages\fastapi\routing.py", line 674, in app
    raw_response = await run_endpoint_function(
                   ^^^^^^^^^^^^^^^^^^^^^^^^^^^^
  File "C:\Users\1\AppData\Local\Programs\Python\Python311\Lib\site-packages\fastapi\routing.py", line 330, in run_endpoint_function
    return await run_in_threadpool(dependant.call, **values)
           ^^^^^^^^^^^^^^^^^^^^^^^^^^^^^^^^^^^^^^^^^^^^^^^^^
  File "C:\Users\1\AppData\Local\Programs\Python\Python311\Lib\site-packages\starlette\concurrency.py", line 32, in run_in_threadpool
    return await anyio.to_thread.run_sync(func)
           ^^^^^^^^^^^^^^^^^^^^^^^^^^^^^^^^^^^^
  File "C:\Users\1\AppData\Local\Programs\Python\Python311\Lib\site-packages\anyio\to_thread.py", line 63, in run_sync
    return await get_async_backend().run_sync_in_worker_thread(
           ^^^^^^^^^^^^^^^^^^^^^^^^^^^^^^^^^^^^^^^^^^^^^^^^^^^^
  File "C:\Users\1\AppData\Local\Programs\Python\Python311\Lib\site-packages\anyio\_backends\_asyncio.py", line 2502, in run_sync_in_worker_thread
    return await future
           ^^^^^^^^^^^^
  File "C:\Users\1\AppData\Local\Programs\Python\Python311\Lib\site-packages\anyio\_backends\_asyncio.py", line 986, in run
    result = context.run(func, *args)
             ^^^^^^^^^^^^^^^^^^^^^^^^
  File "C:\Console\visual studio code\python\3 ъґЁё\3 ъґЁё 2 ёхьхёҐЁ\Progect_Beauty_Salon1\Beauty_Salon\backend\app\routers\booking_router.py", line 43, in create_booking
    booking = service.create(BookingCreate(**payload_data))
              ^^^^^^^^^^^^^^^^^^^^^^^^^^^^^^^^^^^^^^^^^^^^^
  File "C:\Console\visual studio code\python\3 ъґЁё\3 ъґЁё 2 ёхьхёҐЁ\Progect_Beauty_Salon1\Beauty_Salon\backend\app\services\booking_service.py", line 25, in create
    booking_id = self.bookings.create(payload)
                 ^^^^^^^^^^^^^^^^^^^^^^^^^^^^^
  File "C:\Console\visual studio code\python\3 ъґЁё\3 ъґЁё 2 ёхьхёҐЁ\Progect_Beauty_Salon1\Beauty_Salon\backend\app\repositories\booking_repository.py", line 39, in create
    self.collection.insert_one(doc)
  File "C:\Users\1\AppData\Local\Programs\Python\Python311\Lib\site-packages\pymongo\synchronous\collection.py", line 890, in insert_one
    self._insert_one(
  File "C:\Users\1\AppData\Local\Programs\Python\Python311\Lib\site-packages\pymongo\synchronous\collection.py", line 830, in _insert_one
    self._database.client._retryable_write(
  File "C:\Users\1\AppData\Local\Programs\Python\Python311\Lib\site-packages\pymongo\synchronous\mongo_client.py", line 2113, in _retryable_write
    return self._retry_with_session(retryable, func, s, bulk, operation, operation_id)
           ^^^^^^^^^^^^^^^^^^^^^^^^^^^^^^^^^^^^^^^^^^^^^^^^^^^^^^^^^^^^^^^^^^^^^^^^^^^
  File "C:\Users\1\AppData\Local\Programs\Python\Python311\Lib\site-packages\pymongo\synchronous\mongo_client.py", line 1986, in _retry_with_session
    return self._retry_internal(
           ^^^^^^^^^^^^^^^^^^^^^
  File "C:\Users\1\AppData\Local\Programs\Python\Python311\Lib\site-packages\pymongo\_csot.py", line 125, in csot_wrapper
    return func(self, *args, **kwargs)
           ^^^^^^^^^^^^^^^^^^^^^^^^^^^
  File "C:\Users\1\AppData\Local\Programs\Python\Python311\Lib\site-packages\pymongo\synchronous\mongo_client.py", line 2038, in _retry_internal
    ).run()
      ^^^^^
  File "C:\Users\1\AppData\Local\Programs\Python\Python311\Lib\site-packages\pymongo\synchronous\mongo_client.py", line 2811, in run
    res = self._read() if self._is_read else self._write()
                                             ^^^^^^^^^^^^^
  File "C:\Users\1\AppData\Local\Programs\Python\Python311\Lib\site-packages\pymongo\synchronous\mongo_client.py", line 3014, in _write
    return self._func(self._session, conn, self._retryable)  # type: ignore
           ^^^^^^^^^^^^^^^^^^^^^^^^^^^^^^^^^^^^^^^^^^^^^^^^
  File "C:\Users\1\AppData\Local\Programs\Python\Python311\Lib\site-packages\pymongo\synchronous\collection.py", line 828, in _insert_command
    _check_write_command_response(result)
  File "C:\Users\1\AppData\Local\Programs\Python\Python311\Lib\site-packages\pymongo\helpers_shared.py", line 322, in _check_write_command_response
    _raise_last_write_error(write_errors)
  File "C:\Users\1\AppData\Local\Programs\Python\Python311\Lib\site-packages\pymongo\helpers_shared.py", line 292, in _raise_last_write_error
    raise DuplicateKeyError(error.get("errmsg"), 11000, error)
pymongo.errors.DuplicateKeyError: E11000 duplicate key error collection: beauty_salon_db.bookings index: timeslot_id_1 dup key: { timeslot_id: "1" }, full error: {'index': 0, 'code': 11000, 'errmsg': 'E11000 duplicate key error collection: beauty_salon_db.bookings index: timeslot_id_1 dup key: { timeslot_id: "1" }', 'keyPattern': {'timeslot_id': 1}, 'keyValue': {'timeslot_id': '1'}}
ERROR:    Exception in ASGI application
Traceback (most recent call last):
  File "C:\Users\1\AppData\Local\Programs\Python\Python311\Lib\site-packages\uvicorn\protocols\http\h11_impl.py", line 415, in run_asgi
    result = await app(  # type: ignore[func-returns-value]
             ^^^^^^^^^^^^^^^^^^^^^^^^^^^^^^^^^^^^^^^^^^^^^^
  File "C:\Users\1\AppData\Local\Programs\Python\Python311\Lib\site-packages\uvicorn\middleware\proxy_headers.py", line 56, in __call__
    return await self.app(scope, receive, send)
           ^^^^^^^^^^^^^^^^^^^^^^^^^^^^^^^^^^^^
  File "C:\Users\1\AppData\Local\Programs\Python\Python311\Lib\site-packages\fastapi\applications.py", line 1159, in __call__
    await super().__call__(scope, receive, send)
  File "C:\Users\1\AppData\Local\Programs\Python\Python311\Lib\site-packages\starlette\applications.py", line 90, in __call__
    await self.middleware_stack(scope, receive, send)
  File "C:\Users\1\AppData\Local\Programs\Python\Python311\Lib\site-packages\starlette\middleware\errors.py", line 186, in __call__
    raise exc
  File "C:\Users\1\AppData\Local\Programs\Python\Python311\Lib\site-packages\starlette\middleware\errors.py", line 164, in __call__
    await self.app(scope, receive, _send)
  File "C:\Users\1\AppData\Local\Programs\Python\Python311\Lib\site-packages\starlette\middleware\cors.py", line 96, in __call__
    await self.simple_response(scope, receive, send, request_headers=headers)
  File "C:\Users\1\AppData\Local\Programs\Python\Python311\Lib\site-packages\starlette\middleware\cors.py", line 154, in simple_response
    await self.app(scope, receive, send)
  File "C:\Users\1\AppData\Local\Programs\Python\Python311\Lib\site-packages\starlette\middleware\exceptions.py", line 63, in __call__
    await wrap_app_handling_exceptions(self.app, conn)(scope, receive, send)
  File "C:\Users\1\AppData\Local\Programs\Python\Python311\Lib\site-packages\starlette\_exception_handler.py", line 53, in wrapped_app
    raise exc
  File "C:\Users\1\AppData\Local\Programs\Python\Python311\Lib\site-packages\starlette\_exception_handler.py", line 42, in wrapped_app
    await app(scope, receive, sender)
  File "C:\Users\1\AppData\Local\Programs\Python\Python311\Lib\site-packages\fastapi\middleware\asyncexitstack.py", line 18, in __call__
    await self.app(scope, receive, send)
  File "C:\Users\1\AppData\Local\Programs\Python\Python311\Lib\site-packages\starlette\routing.py", line 660, in __call__
    await self.middleware_stack(scope, receive, send)
  File "C:\Users\1\AppData\Local\Programs\Python\Python311\Lib\site-packages\starlette\routing.py", line 680, in app
    await route.handle(scope, receive, send)
  File "C:\Users\1\AppData\Local\Programs\Python\Python311\Lib\site-packages\starlette\routing.py", line 276, in handle
    await self.app(scope, receive, send)
  File "C:\Users\1\AppData\Local\Programs\Python\Python311\Lib\site-packages\fastapi\routing.py", line 134, in app
    await wrap_app_handling_exceptions(app, request)(scope, receive, send)
  File "C:\Users\1\AppData\Local\Programs\Python\Python311\Lib\site-packages\starlette\_exception_handler.py", line 53, in wrapped_app
    raise exc
  File "C:\Users\1\AppData\Local\Programs\Python\Python311\Lib\site-packages\starlette\_exception_handler.py", line 42, in wrapped_app
    await app(scope, receive, sender)
  File "C:\Users\1\AppData\Local\Programs\Python\Python311\Lib\site-packages\fastapi\routing.py", line 120, in app
    response = await f(request)
               ^^^^^^^^^^^^^^^^
  File "C:\Users\1\AppData\Local\Programs\Python\Python311\Lib\site-packages\fastapi\routing.py", line 674, in app
    raw_response = await run_endpoint_function(
                   ^^^^^^^^^^^^^^^^^^^^^^^^^^^^
  File "C:\Users\1\AppData\Local\Programs\Python\Python311\Lib\site-packages\fastapi\routing.py", line 330, in run_endpoint_function
    return await run_in_threadpool(dependant.call, **values)
           ^^^^^^^^^^^^^^^^^^^^^^^^^^^^^^^^^^^^^^^^^^^^^^^^^
  File "C:\Users\1\AppData\Local\Programs\Python\Python311\Lib\site-packages\starlette\concurrency.py", line 32, in run_in_threadpool
    return await anyio.to_thread.run_sync(func)
           ^^^^^^^^^^^^^^^^^^^^^^^^^^^^^^^^^^^^
  File "C:\Users\1\AppData\Local\Programs\Python\Python311\Lib\site-packages\anyio\to_thread.py", line 63, in run_sync
    return await get_async_backend().run_sync_in_worker_thread(
           ^^^^^^^^^^^^^^^^^^^^^^^^^^^^^^^^^^^^^^^^^^^^^^^^^^^^
  File "C:\Users\1\AppData\Local\Programs\Python\Python311\Lib\site-packages\anyio\_backends\_asyncio.py", line 2502, in run_sync_in_worker_thread
    return await future
           ^^^^^^^^^^^^
  File "C:\Users\1\AppData\Local\Programs\Python\Python311\Lib\site-packages\anyio\_backends\_asyncio.py", line 986, in run
    result = context.run(func, *args)
             ^^^^^^^^^^^^^^^^^^^^^^^^
  File "C:\Console\visual studio code\python\3 ъґЁё\3 ъґЁё 2 ёхьхёҐЁ\Progect_Beauty_Salon1\Beauty_Salon\backend\app\routers\booking_router.py", line 43, in create_booking
    booking = service.create(BookingCreate(**payload_data))
              ^^^^^^^^^^^^^^^^^^^^^^^^^^^^^^^^^^^^^^^^^^^^^
  File "C:\Console\visual studio code\python\3 ъґЁё\3 ъґЁё 2 ёхьхёҐЁ\Progect_Beauty_Salon1\Beauty_Salon\backend\app\services\booking_service.py", line 25, in create
    booking_id = self.bookings.create(payload)
                 ^^^^^^^^^^^^^^^^^^^^^^^^^^^^^
  File "C:\Console\visual studio code\python\3 ъґЁё\3 ъґЁё 2 ёхьхёҐЁ\Progect_Beauty_Salon1\Beauty_Salon\backend\app\repositories\booking_repository.py", line 39, in create
    self.collection.insert_one(doc)
  File "C:\Users\1\AppData\Local\Programs\Python\Python311\Lib\site-packages\pymongo\synchronous\collection.py", line 890, in insert_one
    self._insert_one(
  File "C:\Users\1\AppData\Local\Programs\Python\Python311\Lib\site-packages\pymongo\synchronous\collection.py", line 830, in _insert_one
    self._database.client._retryable_write(
  File "C:\Users\1\AppData\Local\Programs\Python\Python311\Lib\site-packages\pymongo\synchronous\mongo_client.py", line 2113, in _retryable_write
    return self._retry_with_session(retryable, func, s, bulk, operation, operation_id)
           ^^^^^^^^^^^^^^^^^^^^^^^^^^^^^^^^^^^^^^^^^^^^^^^^^^^^^^^^^^^^^^^^^^^^^^^^^^^
  File "C:\Users\1\AppData\Local\Programs\Python\Python311\Lib\site-packages\pymongo\synchronous\mongo_client.py", line 1986, in _retry_with_session
    return self._retry_internal(
           ^^^^^^^^^^^^^^^^^^^^^
  File "C:\Users\1\AppData\Local\Programs\Python\Python311\Lib\site-packages\pymongo\_csot.py", line 125, in csot_wrapper
    return func(self, *args, **kwargs)
           ^^^^^^^^^^^^^^^^^^^^^^^^^^^
  File "C:\Users\1\AppData\Local\Programs\Python\Python311\Lib\site-packages\pymongo\synchronous\mongo_client.py", line 2038, in _retry_internal
    ).run()
      ^^^^^
  File "C:\Users\1\AppData\Local\Programs\Python\Python311\Lib\site-packages\pymongo\synchronous\mongo_client.py", line 2811, in run
    res = self._read() if self._is_read else self._write()
                                             ^^^^^^^^^^^^^
  File "C:\Users\1\AppData\Local\Programs\Python\Python311\Lib\site-packages\pymongo\synchronous\mongo_client.py", line 3014, in _write
    return self._func(self._session, conn, self._retryable)  # type: ignore
           ^^^^^^^^^^^^^^^^^^^^^^^^^^^^^^^^^^^^^^^^^^^^^^^^
  File "C:\Users\1\AppData\Local\Programs\Python\Python311\Lib\site-packages\pymongo\synchronous\collection.py", line 828, in _insert_command
    _check_write_command_response(result)
  File "C:\Users\1\AppData\Local\Programs\Python\Python311\Lib\site-packages\pymongo\helpers_shared.py", line 322, in _check_write_command_response
    _raise_last_write_error(write_errors)
  File "C:\Users\1\AppData\Local\Programs\Python\Python311\Lib\site-packages\pymongo\helpers_shared.py", line 292, in _raise_last_write_error
    raise DuplicateKeyError(error.get("errmsg"), 11000, error)
pymongo.errors.DuplicateKeyError: E11000 duplicate key error collection: beauty_salon_db.bookings index: timeslot_id_1 dup key: { timeslot_id: "1" }, full error: {'index': 0, 'code': 11000, 'errmsg': 'E11000 duplicate key error collection: beauty_salon_db.bookings index: timeslot_id_1 dup key: { timeslot_id: "1" }', 'keyPattern': {'timeslot_id': 1}, 'keyValue': {'timeslot_id': '1'}}
2026-04-26 19:06:09,726 [booking_router.py:44] INFO ╩юЁшёҐґтрі None ёҐтюЁшт сЁюэ■трээ  11
2026-04-26 19:11:06,964 [schedules_router.py:52] INFO └фь│э None юэютшт ёыюҐ 11
2026-04-26 19:11:13,751 [schedules_router.py:52] INFO └фь│э None юэютшт ёыюҐ 10
2026-04-26 19:11:51,135 [feedback_router.py:73] INFO └фь│э None юэютшт т│фуґъ 1
2026-04-26 19:15:39,694 [services_router.py:66] INFO └фь│э None тшфрышт яюёыґуґ 20
2026-04-26 19:15:43,825 [services_router.py:66] INFO └фь│э None тшфрышт яюёыґуґ 18
2026-04-26 19:15:49,736 [services_router.py:66] INFO └фь│э None тшфрышт яюёыґуґ 19
2026-04-26 19:15:52,569 [services_router.py:66] INFO └фь│э None тшфрышт яюёыґуґ 17
2026-04-26 19:15:58,596 [services_router.py:66] INFO └фь│э None тшфрышт яюёыґуґ 16
2026-04-26 19:16:00,813 [services_router.py:66] INFO └фь│э None тшфрышт яюёыґуґ 15
2026-04-26 19:16:03,505 [services_router.py:66] INFO └фь│э None тшфрышт яюёыґуґ 14
2026-04-26 19:16:07,004 [services_router.py:66] INFO └фь│э None тшфрышт яюёыґуґ 13
2026-04-26 19:16:09,574 [services_router.py:66] INFO └фь│э None тшфрышт яюёыґуґ 12
2026-04-26 19:16:13,095 [services_router.py:66] INFO └фь│э None тшфрышт яюёыґуґ 11
2026-04-26 19:16:17,316 [services_router.py:66] INFO └фь│э None тшфрышт яюёыґуґ 10
2026-04-26 19:16:20,757 [services_router.py:66] INFO └фь│э None тшфрышт яюёыґуґ 9
2026-04-26 19:16:23,322 [services_router.py:66] INFO └фь│э None тшфрышт яюёыґуґ 8
2026-04-26 19:16:32,989 [services_router.py:66] INFO └фь│э None тшфрышт яюёыґуґ 7
2026-04-26 19:16:37,265 [services_router.py:66] INFO └фь│э None тшфрышт яюёыґуґ 6
2026-04-26 19:17:33,534 [feedback_router.py:73] INFO └фь│э None юэютшт т│фуґъ 3
2026-04-26 19:17:50,383 [feedback_router.py:73] INFO └фь│э None юэютшт т│фуґъ 5
2026-04-26 19:35:37,998 [feedback_router.py:73] INFO └фь│э None юэютшт т│фуґъ 1
2026-04-26 19:40:48,941 [schedules_router.py:52] INFO └фь│э None юэютшт ёыюҐ 11
2026-04-26 19:41:00,291 [schedules_router.py:52] INFO └фь│э None юэютшт ёыюҐ 12
2026-04-26 19:41:08,065 [schedules_router.py:52] INFO └фь│э None юэютшт ёыюҐ 13
2026-04-26 19:41:15,466 [schedules_router.py:52] INFO └фь│э None юэютшт ёыюҐ 14
2026-04-26 19:41:15,467 [schedules_router.py:52] INFO └фь│э None юэютшт ёыюҐ 14
2026-04-26 19:41:26,221 [schedules_router.py:52] INFO └фь│э None юэютшт ёыюҐ 15
2026-04-26 19:42:08,284 [booking_router.py:44] INFO ╩юЁшёҐґтрі None ёҐтюЁшт сЁюэ■трээ  12
2026-04-26 20:06:35,991 [booking_router.py:44] INFO ╩юЁшёҐґтрі None ёҐтюЁшт сЁюэ■трээ  13
